0 verbose cli /usr/local/bin/node /usr/local/bin/npm
1 info using npm@10.9.4
2 info using node@v22.22.1
3 silly config load:file:/usr/local/lib/node_modules/npm/npmrc
4 silly config load:file:/Users/mangtang2/Desktop/바이브코딩 프로젝트/band-scheduler/.npmrc
5 silly config load:file:/Users/mangtang2/.npmrc
6 silly config load:file:/usr/local/etc/npmrc
7 verbose title npm run build
8 verbose argv "run" "build"
9 verbose logfile logs-max:10 dir:/Users/mangtang2/Desktop/바이브코딩 프로젝트/band-scheduler/.npm-cache/_logs/2026-04-15T08_22_47_866Z-
10 verbose logfile /Users/mangtang2/Desktop/바이브코딩 프로젝트/band-scheduler/.npm-cache/_logs/2026-04-15T08_22_47_866Z-debug-0.log
11 silly logfile done cleaning log files
12 http fetch GET 200 https://registry.npmjs.org/npm 145ms
13 verbose cwd /Users/mangtang2/Desktop/바이브코딩 프로젝트/band-scheduler
14 verbose os Darwin 24.6.0
15 verbose node v22.22.1
16 verbose npm  v10.9.4
17 notice
17 notice New major version of npm available! 10.9.4 -> 11.12.1
17 notice Changelog: https://github.com/npm/cli/releases/tag/v11.12.1
17 notice To update run: npm install -g npm@11.12.1
17 notice  { force: true, [Symbol(proc-log.meta)]: true }
18 verbose exit 0
19 info ok
